[35m[Appium][39m Welcome to Appium v1.22.0
[35m[Appium][39m Non-default server args:
[35m[Appium][39m   port: 65211
[35m[Appium][39m   loglevel: info
[35m[Appium][39m   tmpDir: /var/folders/qh/79yd53c135v3h3r8m9_5k3nc0000gn/T//Katalon/Appium/Temp1634414484696
[35m[Appium][39m   chromedriverPort: 65212
[35m[Appium][39m Deprecated server args:
[35m[Appium][39m   [31m--chromedriver-port[39m => --default-capabilities
[35m[Appium][39m Default capabilities, which will be added to each request unless overridden by desired capabilities:
[35m[Appium][39m   chromedriverPort: 65212
[35m[Appium][39m Appium REST http interface listener started on 0.0.0.0:65211
[35m[HTTP][39m [37m-->[39m [37mGET[39m [37m/wd/hub/status[39m
[35m[HTTP][39m [90m{}[39m
[35m[HTTP][39m [37m<-- GET /wd/hub/status [39m[32m200[39m [90m4 ms - 68[39m
[35m[HTTP][39m [90m[39m
[35m[HTTP][39m [37m-->[39m [37mGET[39m [37m/wd/hub/status[39m
[35m[HTTP][39m [90m{}[39m
[35m[HTTP][39m [37m<-- GET /wd/hub/status [39m[32m200[39m [90m1 ms - 68[39m
[35m[HTTP][39m [90m[39m
[35m[HTTP][39m [37m-->[39m [37mPOST[39m [37m/wd/hub/session[39m
[35m[HTTP][39m [90m{"desiredCapabilities":{"app":"/Users/syedabariyahaq/Documents/Personal/N26/com.monefy.app.lite_2021-09-27.apk","noReset":true,"deviceName":"samsung SM-N986B (Android 11)","fullReset":false,"platform":"ANDROID","newCommandTimeout":1800,"platformVersion":"11","automationName":"uiautomator2","autoGrantPermissions":true,"platformName":"Android","udid":"RZCNA007W0V","systemPort":65215},"capabilities":{"firstMatch":[{"appium:app":"/Users/syedabariyahaq/Documents/Personal/N26/com.monefy.app.lite_2021-09-27.apk","appium:autoGrantPermissions":true,"appium:automationName":"uiautomator2","appium:deviceName":"samsung SM-N986B (Android 11)","appium:fullReset":false,"appium:newCommandTimeout":1800,"appium:noReset":true,"platform":"ANDROID","platformName":"android","appium:platformVersion":"11","appium:systemPort":65215,"appium:udid":"RZCNA007W0V"}]}}[39m
[35m[BaseDriver][39m The following capabilities are not standard capabilities and should have an extension prefix:
[35m[BaseDriver][39m   platform
[35m[BaseDriver][39m   chromedriverPort
[35m[Appium][39m Appium v1.22.0 creating new AndroidUiautomator2Driver (v1.69.0) session
[35m[BaseDriver][39m The following capabilities were provided, but are not recognized by Appium:
[35m[BaseDriver][39m   platform
[35m[BaseDriver][39m Session created with session id: d73e1923-327f-4d2a-be0a-0eda23f64c0f
[35m[BaseDriver][39m Using local app '/Users/syedabariyahaq/Documents/Personal/N26/com.monefy.app.lite_2021-09-27.apk'
[35m[ADB][39m Found 1 'build-tools' folders under '/Users/syedabariyahaq/.katalon/tools/android_sdk' (newest first):
[35m[ADB][39m     /Users/syedabariyahaq/.katalon/tools/android_sdk/build-tools/29.0.3
[35m[ADB][39m Using 'adb' from '/Users/syedabariyahaq/.katalon/tools/android_sdk/platform-tools/adb'
[35m[AndroidDriver][39m Retrieving device list
[35m[AndroidDriver][39m Using device: RZCNA007W0V
[35m[ADB][39m Using 'adb' from '/Users/syedabariyahaq/.katalon/tools/android_sdk/platform-tools/adb'
[35m[ADB][39m Getting device platform version
[35m[UiAutomator2][39m Relaxing hidden api policy
[35m[ADB][39m Package name: 'com.monefy.app.lite'
[35m[ADB][39m Main activity name: 'com.monefy.activities.main.MainActivity_'
[35m[ADB][39m Using 'apksigner.jar' from '/Users/syedabariyahaq/.katalon/tools/android_sdk/build-tools/29.0.3/lib/apksigner.jar'
[35m[ADB][39m '/usr/local/lib/node_modules/appium/node_modules/appium-uiautomator2-server/apks/appium-uiautomator2-server-v4.24.0.apk' is signed with the default certificate
[35m[ADB][39m '/usr/local/lib/node_modules/appium/node_modules/appium-uiautomator2-server/apks/appium-uiautomator2-server-debug-androidTest.apk' is signed with the default certificate
[35m[UiAutomator2][39m Server packages are not going to be (re)installed
[35m[ADB][39m Adding packages ["io.appium.settings","io.appium.uiautomator2.server","io.appium.uiautomator2.server.test"] to Doze whitelist
[35m[ADB][39m '/Users/syedabariyahaq/Documents/Personal/N26/com.monefy.app.lite_2021-09-27.apk' is signed with a non-default certificate
[35m[ADB][39m The application at '/Users/syedabariyahaq/Documents/Personal/N26/com.monefy.app.lite_2021-09-27.apk' will not be cached, because the device under test has confirmed the support of streamed installs
[35m[ADB][39m The installation of 'com.monefy.app.lite_2021-09-27.apk' took 11453ms
[35m[UiAutomator2][39m Starting UIAutomator2 server 4.24.0
[35m[UiAutomator2][39m Using UIAutomator2 server from '/usr/local/lib/node_modules/appium/node_modules/appium-uiautomator2-server/apks/appium-uiautomator2-server-v4.24.0.apk' and test from '/usr/local/lib/node_modules/appium/node_modules/appium-uiautomator2-server/apks/appium-uiautomator2-server-debug-androidTest.apk'
[35m[UiAutomator2][39m Waiting up to 30000ms for UiAutomator2 to be online...
[35m[WD Proxy][39m socket hang up
[35m[WD Proxy][39m socket hang up
[35m[WD Proxy][39m socket hang up
[35m[WD Proxy][39m Determined the downstream protocol as 'W3C'
[35m[AndroidDriver][39m Screen already unlocked, doing nothing
[35m[UiAutomator2][39m Starting 'com.monefy.app.lite/com.monefy.activities.main.MainActivity_ and waiting for 'com.monefy.app.lite/com.monefy.activities.main.MainActivity_'
[35m[Appium][39m New AndroidUiautomator2Driver session created successfully, session d73e1923-327f-4d2a-be0a-0eda23f64c0f added to master session list
[35m[HTTP][39m [37m<-- POST /wd/hub/session [39m[32m200[39m [90m19467 ms - 1313[39m
[35m[HTTP][39m [90m[39m
[35m[HTTP][39m [37m-->[39m [37mGET[39m [37m/wd/hub/session/d73e1923-327f-4d2a-be0a-0eda23f64c0f[39m
[35m[HTTP][39m [90m{}[39m
[35m[HTTP][39m [37m<-- GET /wd/hub/session/d73e1923-327f-4d2a-be0a-0eda23f64c0f [39m[32m200[39m [90m9 ms - 1267[39m
[35m[HTTP][39m [90m[39m
[35m[HTTP][39m [37m-->[39m [37mGET[39m [37m/wd/hub/session/d73e1923-327f-4d2a-be0a-0eda23f64c0f[39m
[35m[HTTP][39m [90m{}[39m
[35m[HTTP][39m [37m<-- GET /wd/hub/session/d73e1923-327f-4d2a-be0a-0eda23f64c0f [39m[32m200[39m [90m14 ms - 1267[39m
[35m[HTTP][39m [90m[39m
[35m[HTTP][39m [37m-->[39m [37mGET[39m [37m/wd/hub/status[39m
[35m[HTTP][39m [90m{}[39m
[35m[HTTP][39m [37m<-- GET /wd/hub/status [39m[32m200[39m [90m1 ms - 68[39m
[35m[HTTP][39m [90m[39m
[35m[HTTP][39m [37m-->[39m [37mPOST[39m [37m/wd/hub/session/d73e1923-327f-4d2a-be0a-0eda23f64c0f/timeouts[39m
[35m[HTTP][39m [90m{"implicit":60000}[39m
[35m[HTTP][39m [37m<-- POST /wd/hub/session/d73e1923-327f-4d2a-be0a-0eda23f64c0f/timeouts [39m[32m200[39m [90m3 ms - 14[39m
[35m[HTTP][39m [90m[39m
[35m[HTTP][39m [37m-->[39m [37mGET[39m [37m/wd/hub/session/d73e1923-327f-4d2a-be0a-0eda23f64c0f/source[39m
[35m[HTTP][39m [90m{}[39m
[35m[W3C (d73e1923)][39m Driver proxy active, passing request on via HTTP proxy
[35m[WD Proxy][39m Replacing sessionId 38a263c0-92b6-4ec8-8810-47a365f52348 with d73e1923-327f-4d2a-be0a-0eda23f64c0f
[35m[HTTP][39m [37m<-- GET /wd/hub/session/d73e1923-327f-4d2a-be0a-0eda23f64c0f/source [39m[32m200[39m [90m1326 ms - 34096[39m
[35m[HTTP][39m [90m[39m
[35m[HTTP][39m [37m-->[39m [37mGET[39m [37m/wd/hub/session/d73e1923-327f-4d2a-be0a-0eda23f64c0f/screenshot[39m
[35m[HTTP][39m [90m{}[39m
[35m[HTTP][39m [37m<-- GET /wd/hub/session/d73e1923-327f-4d2a-be0a-0eda23f64c0f/screenshot [39m[32m200[39m [90m290 ms - 301052[39m
[35m[HTTP][39m [90m[39m
[35m[HTTP][39m [37m-->[39m [37mPOST[39m [37m/wd/hub/session/d73e1923-327f-4d2a-be0a-0eda23f64c0f/elements[39m
[35m[HTTP][39m [90m{"using":"xpath","value":"//*[@class = 'android.widget.TextView' and @resource-id = 'com.monefy.app.lite:id/overflow' and (@text = '' or . = '')]"}[39m
[35m[HTTP][39m [37m<-- POST /wd/hub/session/d73e1923-327f-4d2a-be0a-0eda23f64c0f/elements [39m[32m200[39m [90m203 ms - 139[39m
[35m[HTTP][39m [90m[39m
[35m[HTTP][39m [37m-->[39m [37mGET[39m [37m/wd/hub/session/d73e1923-327f-4d2a-be0a-0eda23f64c0f/window/rect[39m
[35m[HTTP][39m [90m{}[39m
[35m[HTTP][39m [37m<-- GET /wd/hub/session/d73e1923-327f-4d2a-be0a-0eda23f64c0f/window/rect [39m[32m200[39m [90m16 ms - 50[39m
[35m[HTTP][39m [90m[39m
[35m[HTTP][39m [37m-->[39m [37mPOST[39m [37m/wd/hub/session/d73e1923-327f-4d2a-be0a-0eda23f64c0f/elements[39m
[35m[HTTP][39m [90m{"using":"xpath","value":"//*[@class = 'android.widget.TextView' and @resource-id = 'com.monefy.app.lite:id/overflow' and (@text = '' or . = '')]"}[39m
[35m[HTTP][39m [37m<-- POST /wd/hub/session/d73e1923-327f-4d2a-be0a-0eda23f64c0f/elements [39m[32m200[39m [90m151 ms - 139[39m
[35m[HTTP][39m [90m[39m
[35m[HTTP][39m [37m-->[39m [37mGET[39m [37m/wd/hub/session/d73e1923-327f-4d2a-be0a-0eda23f64c0f/element/00000000-0000-0543-ffff-ffff000000ce/location[39m
[35m[HTTP][39m [90m{}[39m
[35m[W3C (d73e1923)][39m Driver proxy active, passing request on via HTTP proxy
[35m[WD Proxy][39m Replacing sessionId 38a263c0-92b6-4ec8-8810-47a365f52348 with d73e1923-327f-4d2a-be0a-0eda23f64c0f
[35m[HTTP][39m [37m<-- GET /wd/hub/session/d73e1923-327f-4d2a-be0a-0eda23f64c0f/element/00000000-0000-0543-ffff-ffff000000ce/location [39m[32m200[39m [90m19 ms - 77[39m
[35m[HTTP][39m [90m[39m
[35m[HTTP][39m [37m-->[39m [37mPOST[39m [37m/wd/hub/session/d73e1923-327f-4d2a-be0a-0eda23f64c0f/touch/perform[39m
[35m[HTTP][39m [90m{"actions":[{"action":"tap","options":{"x":1,"y":1,"element":"00000000-0000-0543-ffff-ffff000000ce"}}]}[39m
[35m[UiAutomator2][39m calling get location: 00000000-0000-0543-ffff-ffff000000ce
[35m[HTTP][39m [37m<-- POST /wd/hub/session/d73e1923-327f-4d2a-be0a-0eda23f64c0f/touch/perform [39m[32m200[39m [90m190 ms - 14[39m
[35m[HTTP][39m [90m[39m
[35m[HTTP][39m [37m-->[39m [37mGET[39m [37m/wd/hub/session/d73e1923-327f-4d2a-be0a-0eda23f64c0f/source[39m
[35m[HTTP][39m [90m{}[39m
[35m[W3C (d73e1923)][39m Driver proxy active, passing request on via HTTP proxy
[35m[WD Proxy][39m Replacing sessionId 38a263c0-92b6-4ec8-8810-47a365f52348 with d73e1923-327f-4d2a-be0a-0eda23f64c0f
[35m[HTTP][39m [37m<-- GET /wd/hub/session/d73e1923-327f-4d2a-be0a-0eda23f64c0f/source [39m[32m200[39m [90m667 ms - 45088[39m
[35m[HTTP][39m [90m[39m
[35m[HTTP][39m [37m-->[39m [37mGET[39m [37m/wd/hub/session/d73e1923-327f-4d2a-be0a-0eda23f64c0f/screenshot[39m
[35m[HTTP][39m [90m{}[39m
[35m[HTTP][39m [37m<-- GET /wd/hub/session/d73e1923-327f-4d2a-be0a-0eda23f64c0f/screenshot [39m[32m200[39m [90m300 ms - 212062[39m
[35m[HTTP][39m [90m[39m
[35m[HTTP][39m [37m-->[39m [37mPOST[39m [37m/wd/hub/session/d73e1923-327f-4d2a-be0a-0eda23f64c0f/elements[39m
[35m[HTTP][39m [90m{"using":"xpath","value":"//*[@class = 'android.widget.TextView' and (@text = 'Settings' or . = 'Settings') and @resource-id = 'com.monefy.app.lite:id/settings_textview']"}[39m
[35m[HTTP][39m [37m<-- POST /wd/hub/session/d73e1923-327f-4d2a-be0a-0eda23f64c0f/elements [39m[32m200[39m [90m258 ms - 139[39m
[35m[HTTP][39m [90m[39m
[35m[HTTP][39m [37m-->[39m [37mGET[39m [37m/wd/hub/session/d73e1923-327f-4d2a-be0a-0eda23f64c0f/window/rect[39m
[35m[HTTP][39m [90m{}[39m
[35m[HTTP][39m [37m<-- GET /wd/hub/session/d73e1923-327f-4d2a-be0a-0eda23f64c0f/window/rect [39m[32m200[39m [90m16 ms - 50[39m
[35m[HTTP][39m [90m[39m
[35m[HTTP][39m [37m-->[39m [37mPOST[39m [37m/wd/hub/session/d73e1923-327f-4d2a-be0a-0eda23f64c0f/elements[39m
[35m[HTTP][39m [90m{"using":"xpath","value":"//*[@class = 'android.widget.TextView' and (@text = 'Settings' or . = 'Settings') and @resource-id = 'com.monefy.app.lite:id/settings_textview']"}[39m
[35m[HTTP][39m [37m<-- POST /wd/hub/session/d73e1923-327f-4d2a-be0a-0eda23f64c0f/elements [39m[32m200[39m [90m227 ms - 139[39m
[35m[HTTP][39m [90m[39m
[35m[HTTP][39m [37m-->[39m [37mGET[39m [37m/wd/hub/session/d73e1923-327f-4d2a-be0a-0eda23f64c0f/element/00000000-0000-0543-ffff-ffff0000003e/location[39m
[35m[HTTP][39m [90m{}[39m
[35m[W3C (d73e1923)][39m Driver proxy active, passing request on via HTTP proxy
[35m[WD Proxy][39m Replacing sessionId 38a263c0-92b6-4ec8-8810-47a365f52348 with d73e1923-327f-4d2a-be0a-0eda23f64c0f
[35m[HTTP][39m [37m<-- GET /wd/hub/session/d73e1923-327f-4d2a-be0a-0eda23f64c0f/element/00000000-0000-0543-ffff-ffff0000003e/location [39m[32m200[39m [90m26 ms - 79[39m
[35m[HTTP][39m [90m[39m
[35m[HTTP][39m [37m-->[39m [37mPOST[39m [37m/wd/hub/session/d73e1923-327f-4d2a-be0a-0eda23f64c0f/touch/perform[39m
[35m[HTTP][39m [90m{"actions":[{"action":"tap","options":{"x":1,"y":1,"element":"00000000-0000-0543-ffff-ffff0000003e"}}]}[39m
[35m[UiAutomator2][39m calling get location: 00000000-0000-0543-ffff-ffff0000003e
[35m[HTTP][39m [37m<-- POST /wd/hub/session/d73e1923-327f-4d2a-be0a-0eda23f64c0f/touch/perform [39m[32m200[39m [90m1043 ms - 14[39m
[35m[HTTP][39m [90m[39m
[35m[HTTP][39m [37m-->[39m [37mGET[39m [37m/wd/hub/session/d73e1923-327f-4d2a-be0a-0eda23f64c0f/source[39m
[35m[HTTP][39m [90m{}[39m
[35m[W3C (d73e1923)][39m Driver proxy active, passing request on via HTTP proxy
[35m[WD Proxy][39m Replacing sessionId 38a263c0-92b6-4ec8-8810-47a365f52348 with d73e1923-327f-4d2a-be0a-0eda23f64c0f
[35m[HTTP][39m [37m<-- GET /wd/hub/session/d73e1923-327f-4d2a-be0a-0eda23f64c0f/source [39m[32m200[39m [90m367 ms - 52286[39m
[35m[HTTP][39m [90m[39m
[35m[HTTP][39m [37m-->[39m [37mGET[39m [37m/wd/hub/session/d73e1923-327f-4d2a-be0a-0eda23f64c0f/screenshot[39m
[35m[HTTP][39m [90m{}[39m
[35m[HTTP][39m [37m<-- GET /wd/hub/session/d73e1923-327f-4d2a-be0a-0eda23f64c0f/screenshot [39m[32m200[39m [90m353 ms - 342302[39m
[35m[HTTP][39m [90m[39m
[35m[HTTP][39m [37m-->[39m [37mPOST[39m [37m/wd/hub/session/d73e1923-327f-4d2a-be0a-0eda23f64c0f/elements[39m
[35m[HTTP][39m [90m{"using":"xpath","value":"//*[@class = 'android.widget.CheckBox' and (@text = 'Budget mode' or . = 'Budget mode') and @resource-id = 'com.monefy.app.lite:id/is_budget_mode_checkbox']"}[39m
[35m[HTTP][39m [37m<-- POST /wd/hub/session/d73e1923-327f-4d2a-be0a-0eda23f64c0f/elements [39m[32m200[39m [90m286 ms - 139[39m
[35m[HTTP][39m [90m[39m
[35m[HTTP][39m [37m-->[39m [37mGET[39m [37m/wd/hub/session/d73e1923-327f-4d2a-be0a-0eda23f64c0f/window/rect[39m
[35m[HTTP][39m [90m{}[39m
[35m[HTTP][39m [37m<-- GET /wd/hub/session/d73e1923-327f-4d2a-be0a-0eda23f64c0f/window/rect [39m[32m200[39m [90m18 ms - 50[39m
[35m[HTTP][39m [90m[39m
[35m[HTTP][39m [37m-->[39m [37mPOST[39m [37m/wd/hub/session/d73e1923-327f-4d2a-be0a-0eda23f64c0f/elements[39m
[35m[HTTP][39m [90m{"using":"xpath","value":"//*[@class = 'android.widget.CheckBox' and (@text = 'Budget mode' or . = 'Budget mode') and @resource-id = 'com.monefy.app.lite:id/is_budget_mode_checkbox']"}[39m
[35m[HTTP][39m [37m<-- POST /wd/hub/session/d73e1923-327f-4d2a-be0a-0eda23f64c0f/elements [39m[32m200[39m [90m207 ms - 139[39m
[35m[HTTP][39m [90m[39m
[35m[HTTP][39m [37m-->[39m [37mGET[39m [37m/wd/hub/session/d73e1923-327f-4d2a-be0a-0eda23f64c0f/element/00000000-0000-0543-ffff-ffff00000044/location[39m
[35m[HTTP][39m [90m{}[39m
[35m[W3C (d73e1923)][39m Driver proxy active, passing request on via HTTP proxy
[35m[WD Proxy][39m Replacing sessionId 38a263c0-92b6-4ec8-8810-47a365f52348 with d73e1923-327f-4d2a-be0a-0eda23f64c0f
[35m[HTTP][39m [37m<-- GET /wd/hub/session/d73e1923-327f-4d2a-be0a-0eda23f64c0f/element/00000000-0000-0543-ffff-ffff00000044/location [39m[32m200[39m [90m25 ms - 78[39m
[35m[HTTP][39m [90m[39m
[35m[HTTP][39m [37m-->[39m [37mPOST[39m [37m/wd/hub/session/d73e1923-327f-4d2a-be0a-0eda23f64c0f/touch/perform[39m
[35m[HTTP][39m [90m{"actions":[{"action":"tap","options":{"x":1,"y":1,"element":"00000000-0000-0543-ffff-ffff00000044"}}]}[39m
[35m[UiAutomator2][39m calling get location: 00000000-0000-0543-ffff-ffff00000044
[35m[HTTP][39m [37m<-- POST /wd/hub/session/d73e1923-327f-4d2a-be0a-0eda23f64c0f/touch/perform [39m[32m200[39m [90m210 ms - 14[39m
[35m[HTTP][39m [90m[39m
[35m[HTTP][39m [37m-->[39m [37mGET[39m [37m/wd/hub/session/d73e1923-327f-4d2a-be0a-0eda23f64c0f/source[39m
[35m[HTTP][39m [90m{}[39m
[35m[W3C (d73e1923)][39m Driver proxy active, passing request on via HTTP proxy
[35m[WD Proxy][39m Replacing sessionId 38a263c0-92b6-4ec8-8810-47a365f52348 with d73e1923-327f-4d2a-be0a-0eda23f64c0f
[35m[HTTP][39m [37m<-- GET /wd/hub/session/d73e1923-327f-4d2a-be0a-0eda23f64c0f/source [39m[32m200[39m [90m152 ms - 10189[39m
[35m[HTTP][39m [90m[39m
[35m[HTTP][39m [37m-->[39m [37mGET[39m [37m/wd/hub/session/d73e1923-327f-4d2a-be0a-0eda23f64c0f/screenshot[39m
[35m[HTTP][39m [90m{}[39m
[35m[HTTP][39m [37m<-- GET /wd/hub/session/d73e1923-327f-4d2a-be0a-0eda23f64c0f/screenshot [39m[32m200[39m [90m336 ms - 277964[39m
[35m[HTTP][39m [90m[39m
[35m[HTTP][39m [37m-->[39m [37mPOST[39m [37m/wd/hub/session/d73e1923-327f-4d2a-be0a-0eda23f64c0f/elements[39m
[35m[HTTP][39m [90m{"using":"xpath","value":"//*[@class = 'android.widget.EditText' and (@text = '0' or . = '0')]"}[39m
[35m[HTTP][39m [37m<-- POST /wd/hub/session/d73e1923-327f-4d2a-be0a-0eda23f64c0f/elements [39m[32m200[39m [90m80 ms - 139[39m
[35m[HTTP][39m [90m[39m
[35m[HTTP][39m [37m-->[39m [37mGET[39m [37m/wd/hub/session/d73e1923-327f-4d2a-be0a-0eda23f64c0f/window/rect[39m
[35m[HTTP][39m [90m{}[39m
[35m[HTTP][39m [37m<-- GET /wd/hub/session/d73e1923-327f-4d2a-be0a-0eda23f64c0f/window/rect [39m[32m200[39m [90m14 ms - 50[39m
[35m[HTTP][39m [90m[39m
[35m[HTTP][39m [37m-->[39m [37mPOST[39m [37m/wd/hub/session/d73e1923-327f-4d2a-be0a-0eda23f64c0f/elements[39m
[35m[HTTP][39m [90m{"using":"xpath","value":"//*[@class = 'android.widget.EditText' and (@text = '0' or . = '0')]"}[39m
[35m[HTTP][39m [37m<-- POST /wd/hub/session/d73e1923-327f-4d2a-be0a-0eda23f64c0f/elements [39m[32m200[39m [90m63 ms - 139[39m
[35m[HTTP][39m [90m[39m
[35m[HTTP][39m [37m-->[39m [37mGET[39m [37m/wd/hub/session/d73e1923-327f-4d2a-be0a-0eda23f64c0f/element/00000000-0000-0547-ffff-ffff00000278/location[39m
[35m[HTTP][39m [90m{}[39m
[35m[W3C (d73e1923)][39m Driver proxy active, passing request on via HTTP proxy
[35m[WD Proxy][39m Replacing sessionId 38a263c0-92b6-4ec8-8810-47a365f52348 with d73e1923-327f-4d2a-be0a-0eda23f64c0f
[35m[HTTP][39m [37m<-- GET /wd/hub/session/d73e1923-327f-4d2a-be0a-0eda23f64c0f/element/00000000-0000-0547-ffff-ffff00000278/location [39m[32m200[39m [90m21 ms - 79[39m
[35m[HTTP][39m [90m[39m
[35m[HTTP][39m [37m-->[39m [37mPOST[39m [37m/wd/hub/session/d73e1923-327f-4d2a-be0a-0eda23f64c0f/touch/perform[39m
[35m[HTTP][39m [90m{"actions":[{"action":"tap","options":{"x":1,"y":1,"element":"00000000-0000-0547-ffff-ffff00000278"}}]}[39m
[35m[UiAutomator2][39m calling get location: 00000000-0000-0547-ffff-ffff00000278
[35m[HTTP][39m [37m<-- POST /wd/hub/session/d73e1923-327f-4d2a-be0a-0eda23f64c0f/touch/perform [39m[32m200[39m [90m228 ms - 14[39m
[35m[HTTP][39m [90m[39m
[35m[HTTP][39m [37m-->[39m [37mGET[39m [37m/wd/hub/session/d73e1923-327f-4d2a-be0a-0eda23f64c0f/source[39m
[35m[HTTP][39m [90m{}[39m
[35m[W3C (d73e1923)][39m Driver proxy active, passing request on via HTTP proxy
[35m[WD Proxy][39m Replacing sessionId 38a263c0-92b6-4ec8-8810-47a365f52348 with d73e1923-327f-4d2a-be0a-0eda23f64c0f
[35m[HTTP][39m [37m<-- GET /wd/hub/session/d73e1923-327f-4d2a-be0a-0eda23f64c0f/source [39m[32m200[39m [90m319 ms - 10163[39m
[35m[HTTP][39m [90m[39m
[35m[HTTP][39m [37m-->[39m [37mGET[39m [37m/wd/hub/session/d73e1923-327f-4d2a-be0a-0eda23f64c0f/screenshot[39m
[35m[HTTP][39m [90m{}[39m
[35m[HTTP][39m [37m<-- GET /wd/hub/session/d73e1923-327f-4d2a-be0a-0eda23f64c0f/screenshot [39m[32m200[39m [90m339 ms - 218412[39m
[35m[HTTP][39m [90m[39m
[35m[HTTP][39m [37m-->[39m [37mGET[39m [37m/wd/hub/session/d73e1923-327f-4d2a-be0a-0eda23f64c0f/context[39m
[35m[HTTP][39m [90m{}[39m
[35m[HTTP][39m [37m<-- GET /wd/hub/session/d73e1923-327f-4d2a-be0a-0eda23f64c0f/context [39m[32m200[39m [90m1 ms - 22[39m
[35m[HTTP][39m [90m[39m
[35m[HTTP][39m [37m-->[39m [37mGET[39m [37m/wd/hub/session/d73e1923-327f-4d2a-be0a-0eda23f64c0f/contexts[39m
[35m[HTTP][39m [90m{}[39m
[35m[HTTP][39m [37m<-- GET /wd/hub/session/d73e1923-327f-4d2a-be0a-0eda23f64c0f/contexts [39m[32m200[39m [90m52 ms - 24[39m
[35m[HTTP][39m [90m[39m
[35m[HTTP][39m [37m-->[39m [37mPOST[39m [37m/wd/hub/session/d73e1923-327f-4d2a-be0a-0eda23f64c0f/context[39m
[35m[HTTP][39m [90m{"name":"NATIVE_APP"}[39m
[35m[HTTP][39m [37m<-- POST /wd/hub/session/d73e1923-327f-4d2a-be0a-0eda23f64c0f/context [39m[32m200[39m [90m1 ms - 14[39m
[35m[HTTP][39m [90m[39m
[35m[HTTP][39m [37m-->[39m [37mPOST[39m [37m/wd/hub/session/d73e1923-327f-4d2a-be0a-0eda23f64c0f/appium/device/hide_keyboard[39m
[35m[HTTP][39m [90m{}[39m
[35m[HTTP][39m [37m<-- POST /wd/hub/session/d73e1923-327f-4d2a-be0a-0eda23f64c0f/appium/device/hide_keyboard [39m[32m200[39m [90m3116 ms - 14[39m
[35m[HTTP][39m [90m[39m
[35m[HTTP][39m [37m-->[39m [37mPOST[39m [37m/wd/hub/session/d73e1923-327f-4d2a-be0a-0eda23f64c0f/context[39m
[35m[HTTP][39m [90m{"name":"NATIVE_APP"}[39m
[35m[HTTP][39m [37m<-- POST /wd/hub/session/d73e1923-327f-4d2a-be0a-0eda23f64c0f/context [39m[32m200[39m [90m2 ms - 14[39m
[35m[HTTP][39m [90m[39m
[35m[HTTP][39m [37m-->[39m [37mGET[39m [37m/wd/hub/session/d73e1923-327f-4d2a-be0a-0eda23f64c0f/source[39m
[35m[HTTP][39m [90m{}[39m
[35m[W3C (d73e1923)][39m Driver proxy active, passing request on via HTTP proxy
[35m[WD Proxy][39m Replacing sessionId 38a263c0-92b6-4ec8-8810-47a365f52348 with d73e1923-327f-4d2a-be0a-0eda23f64c0f
[35m[HTTP][39m [37m<-- GET /wd/hub/session/d73e1923-327f-4d2a-be0a-0eda23f64c0f/source [39m[32m200[39m [90m55 ms - 10188[39m
[35m[HTTP][39m [90m[39m
[35m[HTTP][39m [37m-->[39m [37mGET[39m [37m/wd/hub/session/d73e1923-327f-4d2a-be0a-0eda23f64c0f/screenshot[39m
[35m[HTTP][39m [90m{}[39m
[35m[HTTP][39m [37m<-- GET /wd/hub/session/d73e1923-327f-4d2a-be0a-0eda23f64c0f/screenshot [39m[32m200[39m [90m336 ms - 278892[39m
[35m[HTTP][39m [90m[39m
[35m[HTTP][39m [37m-->[39m [37mPOST[39m [37m/wd/hub/session/d73e1923-327f-4d2a-be0a-0eda23f64c0f/elements[39m
[35m[HTTP][39m [90m{"using":"xpath","value":"//*[@class = 'android.widget.EditText' and (@text = '0' or . = '0')]"}[39m
[35m[HTTP][39m [37m<-- POST /wd/hub/session/d73e1923-327f-4d2a-be0a-0eda23f64c0f/elements [39m[32m200[39m [90m58 ms - 139[39m
[35m[HTTP][39m [90m[39m
[35m[HTTP][39m [37m-->[39m [37mGET[39m [37m/wd/hub/session/d73e1923-327f-4d2a-be0a-0eda23f64c0f/window/rect[39m
[35m[HTTP][39m [90m{}[39m
[35m[HTTP][39m [37m<-- GET /wd/hub/session/d73e1923-327f-4d2a-be0a-0eda23f64c0f/window/rect [39m[32m200[39m [90m17 ms - 50[39m
[35m[HTTP][39m [90m[39m
[35m[HTTP][39m [37m-->[39m [37mPOST[39m [37m/wd/hub/session/d73e1923-327f-4d2a-be0a-0eda23f64c0f/elements[39m
[35m[HTTP][39m [90m{"using":"xpath","value":"//*[@class = 'android.widget.EditText' and (@text = '0' or . = '0')]"}[39m
[35m[HTTP][39m [37m<-- POST /wd/hub/session/d73e1923-327f-4d2a-be0a-0eda23f64c0f/elements [39m[32m200[39m [90m59 ms - 139[39m
[35m[HTTP][39m [90m[39m
[35m[HTTP][39m [37m-->[39m [37mGET[39m [37m/wd/hub/session/d73e1923-327f-4d2a-be0a-0eda23f64c0f/element/00000000-0000-0547-ffff-ffff00000278/location[39m
[35m[HTTP][39m [90m{}[39m
[35m[W3C (d73e1923)][39m Driver proxy active, passing request on via HTTP proxy
[35m[WD Proxy][39m Replacing sessionId 38a263c0-92b6-4ec8-8810-47a365f52348 with d73e1923-327f-4d2a-be0a-0eda23f64c0f
[35m[HTTP][39m [37m<-- GET /wd/hub/session/d73e1923-327f-4d2a-be0a-0eda23f64c0f/element/00000000-0000-0547-ffff-ffff00000278/location [39m[32m200[39m [90m23 ms - 79[39m
[35m[HTTP][39m [90m[39m
[35m[HTTP][39m [37m-->[39m [37mPOST[39m [37m/wd/hub/session/d73e1923-327f-4d2a-be0a-0eda23f64c0f/element/00000000-0000-0547-ffff-ffff00000278/clear[39m
[35m[HTTP][39m [90m{"id":"00000000-0000-0547-ffff-ffff00000278"}[39m
[35m[HTTP][39m [37m<-- POST /wd/hub/session/d73e1923-327f-4d2a-be0a-0eda23f64c0f/element/00000000-0000-0547-ffff-ffff00000278/clear [39m[32m200[39m [90m44 ms - 14[39m
[35m[HTTP][39m [90m[39m
[35m[HTTP][39m [37m-->[39m [37mPOST[39m [37m/wd/hub/session/d73e1923-327f-4d2a-be0a-0eda23f64c0f/element/00000000-0000-0547-ffff-ffff00000278/value[39m
[35m[HTTP][39m [90m{"id":"00000000-0000-0547-ffff-ffff00000278","text":"4000","value":["4","0","0","0"]}[39m
[35m[HTTP][39m [37m<-- POST /wd/hub/session/d73e1923-327f-4d2a-be0a-0eda23f64c0f/element/00000000-0000-0547-ffff-ffff00000278/value [39m[32m200[39m [90m545 ms - 14[39m
[35m[HTTP][39m [90m[39m
[35m[HTTP][39m [37m-->[39m [37mGET[39m [37m/wd/hub/session/d73e1923-327f-4d2a-be0a-0eda23f64c0f/source[39m
[35m[HTTP][39m [90m{}[39m
[35m[W3C (d73e1923)][39m Driver proxy active, passing request on via HTTP proxy
[35m[WD Proxy][39m Replacing sessionId 38a263c0-92b6-4ec8-8810-47a365f52348 with d73e1923-327f-4d2a-be0a-0eda23f64c0f
[35m[HTTP][39m [37m<-- GET /wd/hub/session/d73e1923-327f-4d2a-be0a-0eda23f64c0f/source [39m[32m200[39m [90m60 ms - 10191[39m
[35m[HTTP][39m [90m[39m
[35m[HTTP][39m [37m-->[39m [37mGET[39m [37m/wd/hub/session/d73e1923-327f-4d2a-be0a-0eda23f64c0f/screenshot[39m
[35m[HTTP][39m [90m{}[39m
[35m[HTTP][39m [37m<-- GET /wd/hub/session/d73e1923-327f-4d2a-be0a-0eda23f64c0f/screenshot [39m[32m200[39m [90m340 ms - 279890[39m
[35m[HTTP][39m [90m[39m
[35m[HTTP][39m [37m-->[39m [37mPOST[39m [37m/wd/hub/session/d73e1923-327f-4d2a-be0a-0eda23f64c0f/elements[39m
[35m[HTTP][39m [90m{"using":"xpath","value":"//*[@class = 'android.widget.Button' and (@text = 'OK' or . = 'OK') and @resource-id = 'android:id/button1']"}[39m
[35m[HTTP][39m [37m<-- POST /wd/hub/session/d73e1923-327f-4d2a-be0a-0eda23f64c0f/elements [39m[32m200[39m [90m70 ms - 139[39m
[35m[HTTP][39m [90m[39m
[35m[HTTP][39m [37m-->[39m [37mGET[39m [37m/wd/hub/session/d73e1923-327f-4d2a-be0a-0eda23f64c0f/window/rect[39m
[35m[HTTP][39m [90m{}[39m
[35m[HTTP][39m [37m<-- GET /wd/hub/session/d73e1923-327f-4d2a-be0a-0eda23f64c0f/window/rect [39m[32m200[39m [90m13 ms - 50[39m
[35m[HTTP][39m [90m[39m
[35m[HTTP][39m [37m-->[39m [37mPOST[39m [37m/wd/hub/session/d73e1923-327f-4d2a-be0a-0eda23f64c0f/elements[39m
[35m[HTTP][39m [90m{"using":"xpath","value":"//*[@class = 'android.widget.Button' and (@text = 'OK' or . = 'OK') and @resource-id = 'android:id/button1']"}[39m
[35m[HTTP][39m [37m<-- POST /wd/hub/session/d73e1923-327f-4d2a-be0a-0eda23f64c0f/elements [39m[32m200[39m [90m53 ms - 139[39m
[35m[HTTP][39m [90m[39m
[35m[HTTP][39m [37m-->[39m [37mGET[39m [37m/wd/hub/session/d73e1923-327f-4d2a-be0a-0eda23f64c0f/element/00000000-0000-0547-ffff-ffff0000027e/location[39m
[35m[HTTP][39m [90m{}[39m
[35m[W3C (d73e1923)][39m Driver proxy active, passing request on via HTTP proxy
[35m[WD Proxy][39m Replacing sessionId 38a263c0-92b6-4ec8-8810-47a365f52348 with d73e1923-327f-4d2a-be0a-0eda23f64c0f
[35m[HTTP][39m [37m<-- GET /wd/hub/session/d73e1923-327f-4d2a-be0a-0eda23f64c0f/element/00000000-0000-0547-ffff-ffff0000027e/location [39m[32m200[39m [90m21 ms - 79[39m
[35m[HTTP][39m [90m[39m
[35m[HTTP][39m [37m-->[39m [37mPOST[39m [37m/wd/hub/session/d73e1923-327f-4d2a-be0a-0eda23f64c0f/touch/perform[39m
[35m[HTTP][39m [90m{"actions":[{"action":"tap","options":{"x":1,"y":1,"element":"00000000-0000-0547-ffff-ffff0000027e"}}]}[39m
[35m[UiAutomator2][39m calling get location: 00000000-0000-0547-ffff-ffff0000027e
[35m[HTTP][39m [37m<-- POST /wd/hub/session/d73e1923-327f-4d2a-be0a-0eda23f64c0f/touch/perform [39m[32m200[39m [90m213 ms - 14[39m
[35m[HTTP][39m [90m[39m
[35m[HTTP][39m [37m-->[39m [37mGET[39m [37m/wd/hub/session/d73e1923-327f-4d2a-be0a-0eda23f64c0f/source[39m
[35m[HTTP][39m [90m{}[39m
[35m[W3C (d73e1923)][39m Driver proxy active, passing request on via HTTP proxy
[35m[WD Proxy][39m Replacing sessionId 38a263c0-92b6-4ec8-8810-47a365f52348 with d73e1923-327f-4d2a-be0a-0eda23f64c0f
[35m[HTTP][39m [37m<-- GET /wd/hub/session/d73e1923-327f-4d2a-be0a-0eda23f64c0f/source [39m[32m200[39m [90m737 ms - 51933[39m
[35m[HTTP][39m [90m[39m
[35m[HTTP][39m [37m-->[39m [37mGET[39m [37m/wd/hub/session/d73e1923-327f-4d2a-be0a-0eda23f64c0f/screenshot[39m
[35m[HTTP][39m [90m{}[39m
[35m[HTTP][39m [37m<-- GET /wd/hub/session/d73e1923-327f-4d2a-be0a-0eda23f64c0f/screenshot [39m[32m200[39m [90m352 ms - 346800[39m
[35m[HTTP][39m [90m[39m
[35m[HTTP][39m [37m-->[39m [37mPOST[39m [37m/wd/hub/session/d73e1923-327f-4d2a-be0a-0eda23f64c0f/elements[39m
[35m[HTTP][39m [90m{"using":"xpath","value":"//*[@class = 'android.widget.CheckBox' and (@text = 'Carry over' or . = 'Carry over') and @resource-id = 'com.monefy.app.lite:id/is_carryover_checkbox']"}[39m
[35m[HTTP][39m [37m<-- POST /wd/hub/session/d73e1923-327f-4d2a-be0a-0eda23f64c0f/elements [39m[32m200[39m [90m247 ms - 139[39m
[35m[HTTP][39m [90m[39m
[35m[HTTP][39m [37m-->[39m [37mGET[39m [37m/wd/hub/session/d73e1923-327f-4d2a-be0a-0eda23f64c0f/window/rect[39m
[35m[HTTP][39m [90m{}[39m
[35m[HTTP][39m [37m<-- GET /wd/hub/session/d73e1923-327f-4d2a-be0a-0eda23f64c0f/window/rect [39m[32m200[39m [90m14 ms - 50[39m
[35m[HTTP][39m [90m[39m
[35m[HTTP][39m [37m-->[39m [37mPOST[39m [37m/wd/hub/session/d73e1923-327f-4d2a-be0a-0eda23f64c0f/elements[39m
[35m[HTTP][39m [90m{"using":"xpath","value":"//*[@class = 'android.widget.CheckBox' and (@text = 'Carry over' or . = 'Carry over') and @resource-id = 'com.monefy.app.lite:id/is_carryover_checkbox']"}[39m
[35m[HTTP][39m [37m<-- POST /wd/hub/session/d73e1923-327f-4d2a-be0a-0eda23f64c0f/elements [39m[32m200[39m [90m218 ms - 139[39m
[35m[HTTP][39m [90m[39m
[35m[HTTP][39m [37m-->[39m [37mGET[39m [37m/wd/hub/session/d73e1923-327f-4d2a-be0a-0eda23f64c0f/element/00000000-0000-0543-ffff-ffff00000047/location[39m
[35m[HTTP][39m [90m{}[39m
[35m[W3C (d73e1923)][39m Driver proxy active, passing request on via HTTP proxy
[35m[WD Proxy][39m Replacing sessionId 38a263c0-92b6-4ec8-8810-47a365f52348 with d73e1923-327f-4d2a-be0a-0eda23f64c0f
[35m[HTTP][39m [37m<-- GET /wd/hub/session/d73e1923-327f-4d2a-be0a-0eda23f64c0f/element/00000000-0000-0543-ffff-ffff00000047/location [39m[32m200[39m [90m21 ms - 78[39m
[35m[HTTP][39m [90m[39m
[35m[HTTP][39m [37m-->[39m [37mPOST[39m [37m/wd/hub/session/d73e1923-327f-4d2a-be0a-0eda23f64c0f/touch/perform[39m
[35m[HTTP][39m [90m{"actions":[{"action":"tap","options":{"x":1,"y":1,"element":"00000000-0000-0543-ffff-ffff00000047"}}]}[39m
[35m[UiAutomator2][39m calling get location: 00000000-0000-0543-ffff-ffff00000047
[35m[HTTP][39m [37m<-- POST /wd/hub/session/d73e1923-327f-4d2a-be0a-0eda23f64c0f/touch/perform [39m[32m200[39m [90m1237 ms - 14[39m
[35m[HTTP][39m [90m[39m
[35m[HTTP][39m [37m-->[39m [37mGET[39m [37m/wd/hub/session/d73e1923-327f-4d2a-be0a-0eda23f64c0f/source[39m
[35m[HTTP][39m [90m{}[39m
[35m[W3C (d73e1923)][39m Driver proxy active, passing request on via HTTP proxy
[35m[WD Proxy][39m Replacing sessionId 38a263c0-92b6-4ec8-8810-47a365f52348 with d73e1923-327f-4d2a-be0a-0eda23f64c0f
[35m[HTTP][39m [37m<-- GET /wd/hub/session/d73e1923-327f-4d2a-be0a-0eda23f64c0f/source [39m[32m200[39m [90m304 ms - 52403[39m
[35m[HTTP][39m [90m[39m
[35m[HTTP][39m [37m-->[39m [37mGET[39m [37m/wd/hub/session/d73e1923-327f-4d2a-be0a-0eda23f64c0f/screenshot[39m
[35m[HTTP][39m [90m{}[39m
[35m[HTTP][39m [37m<-- GET /wd/hub/session/d73e1923-327f-4d2a-be0a-0eda23f64c0f/screenshot [39m[32m200[39m [90m375 ms - 349018[39m
[35m[HTTP][39m [90m[39m
[35m[HTTP][39m [37m-->[39m [37mPOST[39m [37m/wd/hub/session/d73e1923-327f-4d2a-be0a-0eda23f64c0f/elements[39m
[35m[HTTP][39m [90m{"using":"xpath","value":"//*[@class = 'android.widget.TextView' and @resource-id = 'com.monefy.app.lite:id/overflow' and (@text = '' or . = '')]"}[39m
[35m[HTTP][39m [37m<-- POST /wd/hub/session/d73e1923-327f-4d2a-be0a-0eda23f64c0f/elements [39m[32m200[39m [90m258 ms - 139[39m
[35m[HTTP][39m [90m[39m
[35m[HTTP][39m [37m-->[39m [37mGET[39m [37m/wd/hub/session/d73e1923-327f-4d2a-be0a-0eda23f64c0f/window/rect[39m
[35m[HTTP][39m [90m{}[39m
[35m[HTTP][39m [37m<-- GET /wd/hub/session/d73e1923-327f-4d2a-be0a-0eda23f64c0f/window/rect [39m[32m200[39m [90m12 ms - 50[39m
[35m[HTTP][39m [90m[39m
[35m[HTTP][39m [37m-->[39m [37mPOST[39m [37m/wd/hub/session/d73e1923-327f-4d2a-be0a-0eda23f64c0f/elements[39m
[35m[HTTP][39m [90m{"using":"xpath","value":"//*[@class = 'android.widget.TextView' and @resource-id = 'com.monefy.app.lite:id/overflow' and (@text = '' or . = '')]"}[39m
[35m[HTTP][39m [37m<-- POST /wd/hub/session/d73e1923-327f-4d2a-be0a-0eda23f64c0f/elements [39m[32m200[39m [90m199 ms - 139[39m
[35m[HTTP][39m [90m[39m
[35m[HTTP][39m [37m-->[39m [37mGET[39m [37m/wd/hub/session/d73e1923-327f-4d2a-be0a-0eda23f64c0f/element/00000000-0000-0543-ffff-ffff000000ce/location[39m
[35m[HTTP][39m [90m{}[39m
[35m[W3C (d73e1923)][39m Driver proxy active, passing request on via HTTP proxy
[35m[WD Proxy][39m Replacing sessionId 38a263c0-92b6-4ec8-8810-47a365f52348 with d73e1923-327f-4d2a-be0a-0eda23f64c0f
[35m[HTTP][39m [37m<-- GET /wd/hub/session/d73e1923-327f-4d2a-be0a-0eda23f64c0f/element/00000000-0000-0543-ffff-ffff000000ce/location [39m[32m200[39m [90m25 ms - 77[39m
[35m[HTTP][39m [90m[39m
[35m[HTTP][39m [37m-->[39m [37mPOST[39m [37m/wd/hub/session/d73e1923-327f-4d2a-be0a-0eda23f64c0f/touch/perform[39m
[35m[HTTP][39m [90m{"actions":[{"action":"tap","options":{"x":1,"y":1,"element":"00000000-0000-0543-ffff-ffff000000ce"}}]}[39m
[35m[UiAutomator2][39m calling get location: 00000000-0000-0543-ffff-ffff000000ce
[35m[HTTP][39m [37m<-- POST /wd/hub/session/d73e1923-327f-4d2a-be0a-0eda23f64c0f/touch/perform [39m[32m200[39m [90m201 ms - 14[39m
[35m[HTTP][39m [90m[39m
[35m[HTTP][39m [37m-->[39m [37mGET[39m [37m/wd/hub/session/d73e1923-327f-4d2a-be0a-0eda23f64c0f/source[39m
[35m[HTTP][39m [90m{}[39m
[35m[W3C (d73e1923)][39m Driver proxy active, passing request on via HTTP proxy
[35m[WD Proxy][39m Replacing sessionId 38a263c0-92b6-4ec8-8810-47a365f52348 with d73e1923-327f-4d2a-be0a-0eda23f64c0f
[35m[HTTP][39m [37m<-- GET /wd/hub/session/d73e1923-327f-4d2a-be0a-0eda23f64c0f/source [39m[32m200[39m [90m570 ms - 33756[39m
[35m[HTTP][39m [90m[39m
[35m[HTTP][39m [37m-->[39m [37mGET[39m [37m/wd/hub/session/d73e1923-327f-4d2a-be0a-0eda23f64c0f/screenshot[39m
[35m[HTTP][39m [90m{}[39m
[35m[HTTP][39m [37m<-- GET /wd/hub/session/d73e1923-327f-4d2a-be0a-0eda23f64c0f/screenshot [39m[32m200[39m [90m350 ms - 304652[39m
[35m[HTTP][39m [90m[39m
[35m[HTTP][39m [37m-->[39m [37mDELETE[39m [37m/wd/hub/session/d73e1923-327f-4d2a-be0a-0eda23f64c0f[39m
[35m[HTTP][39m [90m{}[39m
[35m[Appium][39m Removing session d73e1923-327f-4d2a-be0a-0eda23f64c0f from our master session list
[35m[UiAutomator2][39m Restoring hidden api policy to the device default configuration
[35m[HTTP][39m [37m<-- DELETE /wd/hub/session/d73e1923-327f-4d2a-be0a-0eda23f64c0f [39m[32m200[39m [90m299 ms - 14[39m
[35m[HTTP][39m [90m[39m
